[01:34:15] [Thread-7/INFO] [LaunchWrapper]: Loading tweak class name com.mumfrey.liteloader.launch.LiteLoaderTweaker
[01:34:15] [Thread-7/INFO] [LaunchWrapper]: Using primary tweak class name com.mumfrey.liteloader.launch.LiteLoaderTweaker
[01:34:15] [Thread-7/INFO] [LaunchWrapper]: Loading tweak class name cpw.mods.fml.common.launcher.FMLTweaker
[01:34:15] [Thread-7/INFO] [LaunchWrapper]: Calling tweak class com.mumfrey.liteloader.launch.LiteLoaderTweaker
[01:34:15] [Thread-7/INFO] [LiteLoader]: Bootstrapping LiteLoader 1.7.10
[01:34:16] [Thread-7/INFO] [LiteLoader]: Registering API provider class com.mumfrey.liteloader.client.api.LiteLoaderCoreAPIClient
[01:34:16] [Thread-7/INFO] [LiteLoader]: Spawning API provider class 'com.mumfrey.liteloader.client.api.LiteLoaderCoreAPIClient' ...
[01:34:16] [Thread-7/INFO] [LiteLoader]: API provider class 'com.mumfrey.liteloader.client.api.LiteLoaderCoreAPIClient' provides API 'liteloader'
[01:34:16] [Thread-7/INFO] [LiteLoader]: Initialising API 'liteloader' ...
[01:34:16] [Thread-7/INFO] [LiteLoader]: LiteLoader begin PREINIT...
[01:34:16] [Thread-7/INFO] [LiteLoader]: Initialising Loader properties...
[01:34:16] [Thread-7/INFO] [LiteLoader]: Setting up logger...
[01:34:16] [Thread-7/INFO] [LiteLoader]: LiteLoader 1.7.10_03 starting up...
[01:34:16] [Thread-7/INFO] [LiteLoader]: Java reports OS="linux"
[01:34:16] [Thread-7/INFO] [LiteLoader]: Enumerating class path...
[01:34:16] [Thread-7/INFO] [LiteLoader]: Class path separator=":"
[01:34:16] [Thread-7/INFO] [LiteLoader]: Class path entries=(
   classpathEntry=/home/user/Applications/Java/PK/Launcher/build/classes
)
[01:34:16] [Thread-7/INFO] [LiteLoader]: Registering discovery module EnumeratorModuleClassPath: [<Java Class Path>]
[01:34:16] [Thread-7/INFO] [LiteLoader]: Registering discovery module EnumeratorModuleFolder: [/home/user/.pikabucraft/primary/mods]
[01:34:16] [Thread-7/INFO] [LiteLoader]: Registering discovery module EnumeratorModuleFolder: [/home/user/.pikabucraft/primary/mods/1.7.10]
[01:34:16] [Thread-7/INFO] [LiteLoader]: Adding supported mod class prefix 'LiteMod'
[01:34:16] [Thread-7/INFO] [LiteLoader]: Discovering tweaks on class path...
[01:34:16] [Thread-7/INFO] [LiteLoader]: Discovering valid mod files in folder /home/user/.pikabucraft/primary/mods
[01:34:16] [Thread-7/INFO] [LiteLoader]: Considering valid mod file: /home/user/.pikabucraft/primary/mods/mod_worldeditcui_1.7.10_00_mc1.7.10.litemod
[01:34:16] [Thread-7/INFO] [LiteLoader]: Adding newest valid mod file '/home/user/.pikabucraft/primary/mods/mod_worldeditcui_1.7.10_00_mc1.7.10.litemod' at revision 1727,0000
[01:34:16] [Thread-7/INFO] [LiteLoader]: Discovering valid mod files in folder /home/user/.pikabucraft/primary/mods/1.7.10
[01:34:16] [Thread-7/INFO] [LiteLoader]: Searching for tweaks in 'CodeChickenLib-1.7.10-1.1.3.138-universal.jar'
[01:34:16] [Thread-7/WARN] [LiteLoader]: Error parsing manifest entries in '/home/user/.pikabucraft/primary/mods/1.7.10/CodeChickenLib-1.7.10-1.1.3.138-universal.jar'
[01:34:16] [Thread-7/INFO] [LiteLoader]: Searching for tweaks in 'Baubles-1.7.10-1.0.1.10.jar'
[01:34:16] [Thread-7/WARN] [LiteLoader]: Error parsing manifest entries in '/home/user/.pikabucraft/primary/mods/1.7.10/Baubles-1.7.10-1.0.1.10.jar'
[01:34:16] [Thread-7/INFO] [LiteLoader]: Searching for tweaks in 'ForgeMultipart-1.7.10-1.2.0.345-universal.jar'
[01:34:16] [Thread-7/WARN] [LiteLoader]: Error parsing manifest entries in '/home/user/.pikabucraft/primary/mods/1.7.10/ForgeMultipart-1.7.10-1.2.0.345-universal.jar'
[01:34:16] [Thread-7/INFO] [LiteLoader]: Searching for tweaks in 'MrTJPCore-1.1.0.31-universal.jar'
[01:34:16] [Thread-7/WARN] [LiteLoader]: Error parsing manifest entries in '/home/user/.pikabucraft/primary/mods/1.7.10/MrTJPCore-1.1.0.31-universal.jar'
[01:34:16] [Thread-7/INFO] [LiteLoader]: LiteLoader PREINIT complete
[01:34:16] [Thread-7/INFO] [LiteLoader]: Sorting registered packet transformers by priority
[01:34:16] [Thread-7/INFO] [LiteLoader]: Added 0 packet transformer classes to the transformer list
[01:34:16] [Thread-7/INFO] [LiteLoader]: Injecting required class transformer 'com.mumfrey.liteloader.transformers.event.EventProxyTransformer'
[01:34:16] [Thread-7/INFO] [LiteLoader]: Injecting required class transformer 'com.mumfrey.liteloader.launch.LiteLoaderTransformer'
[01:34:16] [Thread-7/INFO] [LiteLoader]: Injecting required class transformer 'com.mumfrey.liteloader.client.transformers.CrashReportTransformer'
[01:34:16] [Thread-7/INFO] [LiteLoader]: Queuing required class transformer 'com.mumfrey.liteloader.client.transformers.LiteLoaderCallbackInjectionTransformer'
[01:34:16] [Thread-7/INFO] [LiteLoader]: Queuing required class transformer 'com.mumfrey.liteloader.client.transformers.LiteLoaderEventInjectionTransformer'
[01:34:16] [Thread-7/INFO] [LiteLoader]: Queuing required class transformer 'com.mumfrey.liteloader.client.transformers.MinecraftOverlayTransformer'
[01:34:16] [Thread-7/INFO] [LaunchWrapper]: Calling tweak class cpw.mods.fml.common.launcher.FMLTweaker
[01:34:19] [Thread-9/INFO] [STDOUT]: [net.launcher.utils.BaseUtils:sendp:87]: ANTICHEAT: Mod checking done
[01:34:49] [Thread-9/INFO] [STDOUT]: [net.launcher.utils.BaseUtils:sendp:87]: ANTICHEAT: Rechecking jars....
[01:34:54] [Thread-9/INFO] [STDOUT]: [net.launcher.utils.BaseUtils:sendp:87]: ANTICHEAT: Mod checking done
[01:49:08] [Thread-7/INFO] [LaunchWrapper]: Loading tweak class name com.mumfrey.liteloader.launch.LiteLoaderTweaker
[01:49:08] [Thread-7/INFO] [LaunchWrapper]: Using primary tweak class name com.mumfrey.liteloader.launch.LiteLoaderTweaker
[01:49:08] [Thread-7/INFO] [LaunchWrapper]: Loading tweak class name cpw.mods.fml.common.launcher.FMLTweaker
[01:49:08] [Thread-7/INFO] [LaunchWrapper]: Calling tweak class com.mumfrey.liteloader.launch.LiteLoaderTweaker
[01:49:08] [Thread-7/INFO] [LiteLoader]: Bootstrapping LiteLoader 1.7.10
[01:49:08] [Thread-7/INFO] [LiteLoader]: Registering API provider class com.mumfrey.liteloader.client.api.LiteLoaderCoreAPIClient
[01:49:08] [Thread-7/INFO] [LiteLoader]: Spawning API provider class 'com.mumfrey.liteloader.client.api.LiteLoaderCoreAPIClient' ...
[01:49:08] [Thread-7/INFO] [LiteLoader]: API provider class 'com.mumfrey.liteloader.client.api.LiteLoaderCoreAPIClient' provides API 'liteloader'
[01:49:08] [Thread-7/INFO] [LiteLoader]: Initialising API 'liteloader' ...
[01:49:08] [Thread-7/INFO] [LiteLoader]: LiteLoader begin PREINIT...
[01:49:08] [Thread-7/INFO] [LiteLoader]: Initialising Loader properties...
[01:49:08] [Thread-7/INFO] [LiteLoader]: Setting up logger...
[01:49:08] [Thread-7/INFO] [LiteLoader]: LiteLoader 1.7.10_03 starting up...
[01:49:08] [Thread-7/INFO] [LiteLoader]: Java reports OS="linux"
[01:49:08] [Thread-7/INFO] [LiteLoader]: Enumerating class path...
[01:49:08] [Thread-7/INFO] [LiteLoader]: Class path separator=":"
[01:49:08] [Thread-7/INFO] [LiteLoader]: Class path entries=(
   classpathEntry=/home/user/Applications/Java/PK/Launcher/build/classes
)
[01:49:08] [Thread-7/INFO] [LiteLoader]: Registering discovery module EnumeratorModuleClassPath: [<Java Class Path>]
[01:49:08] [Thread-7/INFO] [LiteLoader]: Registering discovery module EnumeratorModuleFolder: [/home/user/.pikabucraft/primary/mods]
[01:49:08] [Thread-7/INFO] [LiteLoader]: Registering discovery module EnumeratorModuleFolder: [/home/user/.pikabucraft/primary/mods/1.7.10]
[01:49:08] [Thread-7/INFO] [LiteLoader]: Adding supported mod class prefix 'LiteMod'
[01:49:08] [Thread-7/INFO] [LiteLoader]: Discovering tweaks on class path...
[01:49:08] [Thread-7/INFO] [LiteLoader]: Discovering valid mod files in folder /home/user/.pikabucraft/primary/mods
[01:49:08] [Thread-7/INFO] [LiteLoader]: Considering valid mod file: /home/user/.pikabucraft/primary/mods/mod_worldeditcui_1.7.10_00_mc1.7.10.litemod
[01:49:08] [Thread-7/INFO] [LiteLoader]: Adding newest valid mod file '/home/user/.pikabucraft/primary/mods/mod_worldeditcui_1.7.10_00_mc1.7.10.litemod' at revision 1727,0000
[01:49:08] [Thread-7/INFO] [LiteLoader]: Discovering valid mod files in folder /home/user/.pikabucraft/primary/mods/1.7.10
[01:49:08] [Thread-7/INFO] [LiteLoader]: Searching for tweaks in 'CodeChickenLib-1.7.10-1.1.3.138-universal.jar'
[01:49:08] [Thread-7/WARN] [LiteLoader]: Error parsing manifest entries in '/home/user/.pikabucraft/primary/mods/1.7.10/CodeChickenLib-1.7.10-1.1.3.138-universal.jar'
[01:49:08] [Thread-7/INFO] [LiteLoader]: Searching for tweaks in 'Baubles-1.7.10-1.0.1.10.jar'
[01:49:08] [Thread-7/WARN] [LiteLoader]: Error parsing manifest entries in '/home/user/.pikabucraft/primary/mods/1.7.10/Baubles-1.7.10-1.0.1.10.jar'
[01:49:08] [Thread-7/INFO] [LiteLoader]: Searching for tweaks in 'ForgeMultipart-1.7.10-1.2.0.345-universal.jar'
[01:49:08] [Thread-7/WARN] [LiteLoader]: Error parsing manifest entries in '/home/user/.pikabucraft/primary/mods/1.7.10/ForgeMultipart-1.7.10-1.2.0.345-universal.jar'
[01:49:08] [Thread-7/INFO] [LiteLoader]: Searching for tweaks in 'MrTJPCore-1.1.0.31-universal.jar'
[01:49:08] [Thread-7/WARN] [LiteLoader]: Error parsing manifest entries in '/home/user/.pikabucraft/primary/mods/1.7.10/MrTJPCore-1.1.0.31-universal.jar'
[01:49:08] [Thread-7/INFO] [LiteLoader]: LiteLoader PREINIT complete
[01:49:08] [Thread-7/INFO] [LiteLoader]: Sorting registered packet transformers by priority
[01:49:08] [Thread-7/INFO] [LiteLoader]: Added 0 packet transformer classes to the transformer list
[01:49:08] [Thread-7/INFO] [LiteLoader]: Injecting required class transformer 'com.mumfrey.liteloader.transformers.event.EventProxyTransformer'
[01:49:08] [Thread-7/INFO] [LiteLoader]: Injecting required class transformer 'com.mumfrey.liteloader.launch.LiteLoaderTransformer'
[01:49:08] [Thread-7/INFO] [LiteLoader]: Injecting required class transformer 'com.mumfrey.liteloader.client.transformers.CrashReportTransformer'
[01:49:08] [Thread-7/INFO] [LiteLoader]: Queuing required class transformer 'com.mumfrey.liteloader.client.transformers.LiteLoaderCallbackInjectionTransformer'
[01:49:08] [Thread-7/INFO] [LiteLoader]: Queuing required class transformer 'com.mumfrey.liteloader.client.transformers.LiteLoaderEventInjectionTransformer'
[01:49:08] [Thread-7/INFO] [LiteLoader]: Queuing required class transformer 'com.mumfrey.liteloader.client.transformers.MinecraftOverlayTransformer'
[01:49:08] [Thread-7/INFO] [LaunchWrapper]: Calling tweak class cpw.mods.fml.common.launcher.FMLTweaker
[01:49:11] [Thread-9/INFO] [STDOUT]: [net.launcher.utils.BaseUtils:sendp:87]: ANTICHEAT: Mod checking done
[01:49:41] [Thread-9/INFO] [STDOUT]: [net.launcher.utils.BaseUtils:sendp:87]: ANTICHEAT: Rechecking jars....
[01:49:46] [Thread-9/INFO] [STDOUT]: [net.launcher.utils.BaseUtils:sendp:87]: ANTICHEAT: Mod checking done
[02:01:21] [Thread-7/INFO] [LaunchWrapper]: Loading tweak class name com.mumfrey.liteloader.launch.LiteLoaderTweaker
[02:01:21] [Thread-7/INFO] [LaunchWrapper]: Using primary tweak class name com.mumfrey.liteloader.launch.LiteLoaderTweaker
[02:01:21] [Thread-7/INFO] [LaunchWrapper]: Loading tweak class name cpw.mods.fml.common.launcher.FMLTweaker
[02:01:21] [Thread-7/INFO] [LaunchWrapper]: Calling tweak class com.mumfrey.liteloader.launch.LiteLoaderTweaker
[02:01:21] [Thread-7/INFO] [LiteLoader]: Bootstrapping LiteLoader 1.7.10
[02:01:21] [Thread-7/INFO] [LiteLoader]: Registering API provider class com.mumfrey.liteloader.client.api.LiteLoaderCoreAPIClient
[02:01:21] [Thread-7/INFO] [LiteLoader]: Spawning API provider class 'com.mumfrey.liteloader.client.api.LiteLoaderCoreAPIClient' ...
[02:01:21] [Thread-7/INFO] [LiteLoader]: API provider class 'com.mumfrey.liteloader.client.api.LiteLoaderCoreAPIClient' provides API 'liteloader'
[02:01:21] [Thread-7/INFO] [LiteLoader]: Initialising API 'liteloader' ...
[02:01:21] [Thread-7/INFO] [LiteLoader]: LiteLoader begin PREINIT...
[02:01:21] [Thread-7/INFO] [LiteLoader]: Initialising Loader properties...
[02:01:21] [Thread-7/INFO] [LiteLoader]: Setting up logger...
[02:01:21] [Thread-7/INFO] [LiteLoader]: LiteLoader 1.7.10_03 starting up...
[02:01:21] [Thread-7/INFO] [LiteLoader]: Java reports OS="linux"
[02:01:21] [Thread-7/INFO] [LiteLoader]: Enumerating class path...
[02:01:21] [Thread-7/INFO] [LiteLoader]: Class path separator=":"
[02:01:21] [Thread-7/INFO] [LiteLoader]: Class path entries=(
   classpathEntry=/home/user/Applications/Java/PK/Launcher/build/classes
)
[02:01:21] [Thread-7/INFO] [LiteLoader]: Registering discovery module EnumeratorModuleClassPath: [<Java Class Path>]
[02:01:21] [Thread-7/INFO] [LiteLoader]: Registering discovery module EnumeratorModuleFolder: [/home/user/.pikabucraft/primary/mods]
[02:01:21] [Thread-7/INFO] [LiteLoader]: Registering discovery module EnumeratorModuleFolder: [/home/user/.pikabucraft/primary/mods/1.7.10]
[02:01:21] [Thread-7/INFO] [LiteLoader]: Adding supported mod class prefix 'LiteMod'
[02:01:21] [Thread-7/INFO] [LiteLoader]: Discovering tweaks on class path...
[02:01:21] [Thread-7/INFO] [LiteLoader]: Discovering valid mod files in folder /home/user/.pikabucraft/primary/mods
[02:01:21] [Thread-7/INFO] [LiteLoader]: Considering valid mod file: /home/user/.pikabucraft/primary/mods/mod_worldeditcui_1.7.10_00_mc1.7.10.litemod
[02:01:21] [Thread-7/INFO] [LiteLoader]: Adding newest valid mod file '/home/user/.pikabucraft/primary/mods/mod_worldeditcui_1.7.10_00_mc1.7.10.litemod' at revision 1727,0000
[02:01:21] [Thread-7/INFO] [LiteLoader]: Discovering valid mod files in folder /home/user/.pikabucraft/primary/mods/1.7.10
[02:01:21] [Thread-7/INFO] [LiteLoader]: Searching for tweaks in 'CodeChickenLib-1.7.10-1.1.3.138-universal.jar'
[02:01:21] [Thread-7/WARN] [LiteLoader]: Error parsing manifest entries in '/home/user/.pikabucraft/primary/mods/1.7.10/CodeChickenLib-1.7.10-1.1.3.138-universal.jar'
[02:01:21] [Thread-7/INFO] [LiteLoader]: Searching for tweaks in 'Baubles-1.7.10-1.0.1.10.jar'
[02:01:21] [Thread-7/WARN] [LiteLoader]: Error parsing manifest entries in '/home/user/.pikabucraft/primary/mods/1.7.10/Baubles-1.7.10-1.0.1.10.jar'
[02:01:21] [Thread-7/INFO] [LiteLoader]: Searching for tweaks in 'ForgeMultipart-1.7.10-1.2.0.345-universal.jar'
[02:01:21] [Thread-7/WARN] [LiteLoader]: Error parsing manifest entries in '/home/user/.pikabucraft/primary/mods/1.7.10/ForgeMultipart-1.7.10-1.2.0.345-universal.jar'
[02:01:21] [Thread-7/INFO] [LiteLoader]: Searching for tweaks in 'MrTJPCore-1.1.0.31-universal.jar'
[02:01:21] [Thread-7/WARN] [LiteLoader]: Error parsing manifest entries in '/home/user/.pikabucraft/primary/mods/1.7.10/MrTJPCore-1.1.0.31-universal.jar'
[02:01:21] [Thread-7/INFO] [LiteLoader]: LiteLoader PREINIT complete
[02:01:21] [Thread-7/INFO] [LiteLoader]: Sorting registered packet transformers by priority
[02:01:21] [Thread-7/INFO] [LiteLoader]: Added 0 packet transformer classes to the transformer list
[02:01:21] [Thread-7/INFO] [LiteLoader]: Injecting required class transformer 'com.mumfrey.liteloader.transformers.event.EventProxyTransformer'
[02:01:21] [Thread-7/INFO] [LiteLoader]: Injecting required class transformer 'com.mumfrey.liteloader.launch.LiteLoaderTransformer'
[02:01:21] [Thread-7/INFO] [LiteLoader]: Injecting required class transformer 'com.mumfrey.liteloader.client.transformers.CrashReportTransformer'
[02:01:21] [Thread-7/INFO] [LiteLoader]: Queuing required class transformer 'com.mumfrey.liteloader.client.transformers.LiteLoaderCallbackInjectionTransformer'
[02:01:21] [Thread-7/INFO] [LiteLoader]: Queuing required class transformer 'com.mumfrey.liteloader.client.transformers.LiteLoaderEventInjectionTransformer'
[02:01:21] [Thread-7/INFO] [LiteLoader]: Queuing required class transformer 'com.mumfrey.liteloader.client.transformers.MinecraftOverlayTransformer'
[02:01:21] [Thread-7/INFO] [LaunchWrapper]: Calling tweak class cpw.mods.fml.common.launcher.FMLTweaker
[02:01:25] [Thread-9/INFO] [STDOUT]: [net.launcher.utils.BaseUtils:sendp:87]: ANTICHEAT: Mod checking done
[02:01:55] [Thread-9/INFO] [STDOUT]: [net.launcher.utils.BaseUtils:sendp:87]: ANTICHEAT: Rechecking jars....
[02:02:00] [Thread-9/INFO] [STDOUT]: [net.launcher.utils.BaseUtils:sendp:87]: ANTICHEAT: Mod checking done
